2025-10-24 12:03:34,426 | WARNING | matplotlib | /Users/vladimir/.matplotlib is not a writable directory
2025-10-24 12:03:34,427 | WARNING | matplotlib | Matplotlib created a temporary cache directory at /var/folders/f0/nbbpk4gd29ncn7gqyc0fhy5h0000gn/T/matplotlib-oes9vjax because there was an issue with the default path (/Users/vladimir/.matplotlib); it is highly recommended to set the MPLCONFIGDIR environment variable to a writable directory, in particular to speed up the import of Matplotlib and to better support multiprocessing.
2025-10-24 12:03:34.505 system_profiler[52089:1887943] XType: Using static font registry.
2025-10-24 12:03:39,449 | WARNING | matplotlib.font_manager | Matplotlib is building the font cache; this may take a moment.
2025-10-24 12:03:43,962 | INFO | matplotlib.font_manager | Failed to extract font properties from /System/Library/Fonts/LastResort.otf: tuple indices must be integers or slices, not str
2025-10-24 12:03:43,969 | INFO | matplotlib.font_manager | Failed to extract font properties from /System/Library/Fonts/Apple Color Emoji.ttc: Could not set the fontsize (invalid pixel size; error code 0x17)
2025-10-24 12:03:43,989 | INFO | matplotlib.font_manager | Failed to extract font properties from /System/Library/Fonts/Supplemental/NISC18030.ttf: Could not set the fontsize (invalid pixel size; error code 0x17)
2025-10-24 12:03:44,026 | INFO | matplotlib.font_manager | generated new fontManager
2025-10-24 12:03:44,425 | INFO | ct_cmb_validation | Reading map: data/raw/planck/COM_CMB_IQU-smica_2048_R3.00_full.fits
/Users/vladimir/Downloads/ct-cmb-validation/scripts/02d_run_pt1_patch_scan.py:126: HealpyDeprecationWarning: "verbose" was deprecated in version 1.15.0 and will be removed in a future version. 
  m = hp.read_map(map_path, field=0, dtype=float, verbose=False)
2025-10-24 12:03:46,759 | INFO | ct_cmb_validation | Applying global mask: data/raw/masks/COM_Mask_CMB-common-Mask-Int_2048_R3.00 (1).fits
/Users/vladimir/Downloads/ct-cmb-validation/scripts/02d_run_pt1_patch_scan.py:135: HealpyDeprecationWarning: "verbose" was deprecated in version 1.15.0 and will be removed in a future version. 
  gmask = hp.read_map(mask_path, dtype=float, verbose=False)
/Users/vladimir/Downloads/ct-cmb-validation/scripts/02d_run_pt1_patch_scan.py:177: HealpyDeprecationWarning: "verbose" was deprecated in version 1.15.0 and will be removed in a future version. 
  mg = hp.synfast(cl, nside=nside, new=True, verbose=False)
/Users/vladimir/Downloads/ct-cmb-validation/scripts/02d_run_pt1_patch_scan.py:68: HealpyDeprecationWarning: "verbose" was deprecated in version 1.15.0 and will be removed in a future version. 
  mp = hp.alm2map(alm_sel, nside=hp.get_nside(m), lmax=lmax, verbose=False)
2025-10-24 12:08:00,830 | INFO | ct_cmb_validation | Stage lmax=128, rad=18.0 deg: best p=0.1485
2025-10-24 12:12:11,657 | INFO | ct_cmb_validation | Stage lmax=128, rad=20.0 deg: best p=0.1035
2025-10-24 12:16:29,980 | INFO | ct_cmb_validation | Stage lmax=128, rad=22.0 deg: best p=0.1045
2025-10-24 12:20:50,307 | INFO | ct_cmb_validation | Stage lmax=128, rad=25.0 deg: best p=0.0955
2025-10-24 12:25:20,250 | INFO | ct_cmb_validation | Stage lmax=128, rad=28.0 deg: best p=0.1185
2025-10-24 12:30:02,256 | INFO | ct_cmb_validation | Stage lmax=128, rad=30.0 deg: best p=0.1315
2025-10-24 12:30:02,257 | INFO | ct_cmb_validation | Saved patch-scan results to results/runs/20251024_120334_pt1_patch_scan/final_results.json
